<?xml version="1.0" encoding="UTF-8"?>
<testng-results ignored="0" total="1" passed="1" failed="0" skipped="0">
  <reporter-output>
  </reporter-output>
  <suite started-at="2023-10-27T05:23:02Z" name="Default suite" finished-at="2023-10-27T05:23:02Z" duration-ms="34">
    <groups>
    </groups>
    <test started-at="2023-10-27T05:23:02Z" name="Default test" finished-at="2023-10-27T05:23:02Z" duration-ms="34">
      <class name="testNG.NewTest">
        <test-method signature="f()[pri:0, instance:testNG.NewTest@3cdf2c61]" started-at="2023-10-26T22:23:02Z" name="f" finished-at="2023-10-26T22:23:02Z" duration-ms="13" status="PASS">
          <reporter-output>
          </reporter-output>
        </test-method> <!-- f -->
      </class> <!-- testNG.NewTest -->
    </test> <!-- Default test -->
  </suite> <!-- Default suite -->
</testng-results>
